<?xml version="1.0" encoding="utf-8"?><testsuites><testsuite name="pytest" errors="0" failures="0" skipped="0" tests="0" time="0.016" timestamp="2021-11-05T20:54:31.093186" hostname="DESKTOP-K9DMG1O" /></testsuites>